<?xml version="1.0" encoding="UTF-8" standalone="no"?>
<beans xmlns="http://www.springframework.org/schema/beans"
	xmlns:xsi="http://www.w3.org/2001/XMLSchema-instance" xmlns:context="http://www.springframework.org/schema/context"
	xmlns:jdbc="http://www.springframework.org/schema/jdbc"
	xsi:schemaLocation="http://www.springframework.org/schema/context http://www.springframework.org/schema/context/spring-context-3.1.xsd
     http://www.springframework.org/schema/beans http://www.springframework.org/schema/beans/spring-beans-3.1.xsd
     http://www.springframework.org/schema/jdbc http://www.springframework.org/schema/jdbc/spring-jdbc.xsd">


<!--	<context:property-placeholder location="classpath:web-application.properties"
		ignore-resource-not-found="true" ignore-unresolvable="true" />-->
	<context:annotation-config />



	<import resource="classpath*:/spring/test-spalogica-application-config.xml" />
	<context:component-scan base-package="co.com.xoftix.spamservicio.rest.ge" />
<!-- 	<import resource="classpath*:/spring/services-config.xml" /> -->
</beans>
